<?xml version="1.0" encoding="UTF-8"?>
<testsuite xmlns:xsi="http://www.w3.org/2001/XMLSchema-instance" xsi:noNamespaceSchemaLocation="https://maven.apache.org/surefire/maven-surefire-plugin/xsd/surefire-test-report.xsd" name="org.example.AppTest" time="0.073" tests="1" errors="0" skipped="0" failures="0">
  <properties>
    <property name="sun.desktop" value="windows"/>
    <property name="awt.toolkit" value="sun.awt.windows.WToolkit"/>
    <property name="java.specification.version" value="11"/>
    <property name="sun.cpu.isalist" value="amd64"/>
    <property name="sun.jnu.encoding" value="Cp1252"/>
    <property name="java.class.path" value="C:\Users\SACHIN SHETTY\Downloads\Realtime-Intrusion-detection-System-using-ml-java-and-python\Realtime-Intrusion-detection-System-using-ml-java-and-python new\target\test-classes;C:\Users\SACHIN SHETTY\Downloads\Realtime-Intrusion-detection-System-using-ml-java-and-python\Realtime-Intrusion-detection-System-using-ml-java-and-python new\target\classes;C:\Users\SACHIN SHETTY\.m2\repository\junit\junit\4.11\junit-4.11.jar;C:\Users\SACHIN SHETTY\.m2\repository\org\hamcrest\hamcrest-core\1.3\hamcrest-core-1.3.jar;C:\Users\SACHIN SHETTY\.m2\repository\org\openjfx\javafx-controls\11.0.1\javafx-controls-11.0.1.jar;C:\Users\SACHIN SHETTY\.m2\repository\org\openjfx\javafx-controls\11.0.1\javafx-controls-11.0.1-win.jar;C:\Users\SACHIN SHETTY\.m2\repository\org\openjfx\javafx-graphics\11.0.1\javafx-graphics-11.0.1.jar;C:\Users\SACHIN SHETTY\.m2\repository\org\openjfx\javafx-graphics\11.0.1\javafx-graphics-11.0.1-win.jar;C:\Users\SACHIN SHETTY\.m2\repository\org\openjfx\javafx-base\11.0.1\javafx-base-11.0.1.jar;C:\Users\SACHIN SHETTY\.m2\repository\org\openjfx\javafx-base\11.0.1\javafx-base-11.0.1-win.jar;C:\Users\SACHIN SHETTY\.m2\repository\org\slf4j\slf4j-simple\1.7.32\slf4j-simple-1.7.32.jar;C:\Users\SACHIN SHETTY\.m2\repository\org\slf4j\slf4j-api\1.7.32\slf4j-api-1.7.32.jar;C:\Users\SACHIN SHETTY\.m2\repository\org\pcap4j\pcap4j-core\1.7.3\pcap4j-core-1.7.3.jar;C:\Users\SACHIN SHETTY\.m2\repository\net\java\dev\jna\jna\4.2.1\jna-4.2.1.jar;"/>
    <property name="java.vm.vendor" value="Oracle Corporation"/>
    <property name="sun.arch.data.model" value="64"/>
    <property name="user.variant" value=""/>
    <property name="java.vendor.url" value="https://openjdk.java.net/"/>
    <property name="user.timezone" value="Asia/Calcutta"/>
    <property name="java.vm.specification.version" value="11"/>
    <property name="os.name" value="Windows 10"/>
    <property name="sun.java.launcher" value="SUN_STANDARD"/>
    <property name="user.country" value="IN"/>
    <property name="sun.boot.library.path" value="C:\Program Files\Java\jdk-11.0.8\bin"/>
    <property name="sun.java.command" value="C:\Users\SACHIN~1\AppData\Local\Temp\surefire11270862510380453547\surefirebooter1621347759725923201.jar C:\Users\SACHIN SHETTY\AppData\Local\Temp\surefire11270862510380453547 2022-06-04T12-29-09_064-jvmRun1 surefire5381078034003434664tmp surefire_06132390974178407769tmp"/>
    <property name="jdk.debug" value="release"/>
    <property name="surefire.test.class.path" value="C:\Users\SACHIN SHETTY\Downloads\Realtime-Intrusion-detection-System-using-ml-java-and-python\Realtime-Intrusion-detection-System-using-ml-java-and-python new\target\test-classes;C:\Users\SACHIN SHETTY\Downloads\Realtime-Intrusion-detection-System-using-ml-java-and-python\Realtime-Intrusion-detection-System-using-ml-java-and-python new\target\classes;C:\Users\SACHIN SHETTY\.m2\repository\junit\junit\4.11\junit-4.11.jar;C:\Users\SACHIN SHETTY\.m2\repository\org\hamcrest\hamcrest-core\1.3\hamcrest-core-1.3.jar;C:\Users\SACHIN SHETTY\.m2\repository\org\openjfx\javafx-controls\11.0.1\javafx-controls-11.0.1.jar;C:\Users\SACHIN SHETTY\.m2\repository\org\openjfx\javafx-controls\11.0.1\javafx-controls-11.0.1-win.jar;C:\Users\SACHIN SHETTY\.m2\repository\org\openjfx\javafx-graphics\11.0.1\javafx-graphics-11.0.1.jar;C:\Users\SACHIN SHETTY\.m2\repository\org\openjfx\javafx-graphics\11.0.1\javafx-graphics-11.0.1-win.jar;C:\Users\SACHIN SHETTY\.m2\repository\org\openjfx\javafx-base\11.0.1\javafx-base-11.0.1.jar;C:\Users\SACHIN SHETTY\.m2\repository\org\openjfx\javafx-base\11.0.1\javafx-base-11.0.1-win.jar;C:\Users\SACHIN SHETTY\.m2\repository\org\slf4j\slf4j-simple\1.7.32\slf4j-simple-1.7.32.jar;C:\Users\SACHIN SHETTY\.m2\repository\org\slf4j\slf4j-api\1.7.32\slf4j-api-1.7.32.jar;C:\Users\SACHIN SHETTY\.m2\repository\org\pcap4j\pcap4j-core\1.7.3\pcap4j-core-1.7.3.jar;C:\Users\SACHIN SHETTY\.m2\repository\net\java\dev\jna\jna\4.2.1\jna-4.2.1.jar;"/>
    <property name="sun.cpu.endian" value="little"/>
    <property name="user.home" value="C:\Users\SACHIN SHETTY"/>
    <property name="user.language" value="en"/>
    <property name="java.specification.vendor" value="Oracle Corporation"/>
    <property name="java.version.date" value="2020-07-14"/>
    <property name="java.home" value="C:\Program Files\Java\jdk-11.0.8"/>
    <property name="file.separator" value="\"/>
    <property name="basedir" value="C:\Users\SACHIN SHETTY\Downloads\Realtime-Intrusion-detection-System-using-ml-java-and-python\Realtime-Intrusion-detection-System-using-ml-java-and-python new"/>
    <property name="java.vm.compressedOopsMode" value="32-bit"/>
    <property name="line.separator" value="&#10;"/>
    <property name="java.specification.name" value="Java Platform API Specification"/>
    <property name="java.vm.specification.vendor" value="Oracle Corporation"/>
    <property name="java.awt.graphicsenv" value="sun.awt.Win32GraphicsEnvironment"/>
    <property name="surefire.real.class.path" value="C:\Users\SACHIN~1\AppData\Local\Temp\surefire11270862510380453547\surefirebooter1621347759725923201.jar"/>
    <property name="user.script" value=""/>
    <property name="sun.management.compiler" value="HotSpot 64-Bit Tiered Compilers"/>
    <property name="java.runtime.version" value="11.0.8+10-LTS"/>
    <property name="user.name" value="SACHIN SHETTY"/>
    <property name="path.separator" value=";"/>
    <property name="os.version" value="10.0"/>
    <property name="java.runtime.name" value="Java(TM) SE Runtime Environment"/>
    <property name="file.encoding" value="Cp1252"/>
    <property name="java.vm.name" value="Java HotSpot(TM) 64-Bit Server VM"/>
    <property name="java.vendor.version" value="18.9"/>
    <property name="localRepository" value="C:\Users\SACHIN SHETTY\.m2\repository"/>
    <property name="java.vendor.url.bug" value="https://bugreport.java.com/bugreport/"/>
    <property name="java.io.tmpdir" value="C:\Users\SACHIN~1\AppData\Local\Temp\"/>
    <property name="java.version" value="11.0.8"/>
    <property name="user.dir" value="C:\Users\SACHIN SHETTY\Downloads\Realtime-Intrusion-detection-System-using-ml-java-and-python\Realtime-Intrusion-detection-System-using-ml-java-and-python new"/>
    <property name="os.arch" value="amd64"/>
    <property name="java.vm.specification.name" value="Java Virtual Machine Specification"/>
    <property name="java.awt.printerjob" value="sun.awt.windows.WPrinterJob"/>
    <property name="sun.os.patch.level" value=""/>
    <property name="java.library.path" value="C:\Program Files\Java\jdk-11.0.8\bin;C:\WINDOWS\Sun\Java\bin;C:\WINDOWS\system32;C:\WINDOWS;C:/Program Files/Java/jdk-11.0.8/bin/server;C:/Program Files/Java/jdk-11.0.8/bin;C:\Program Files (x86)\VMware\VMware Player\bin\;C:\Program Files (x86)\Common Files\Oracle\Java\javapath;C:\Program Files\Common Files\Oracle\Java\javapath;C:\Windows\system32;C:\Windows;C:\Windows\System32\Wbem;C:\Windows\System32\WindowsPowerShell\v1.0\;C:\Windows\System32\OpenSSH\;C:\Program Files (x86)\NVIDIA Corporation\PhysX\Common;C:\Program Files\NVIDIA Corporation\NVIDIA NvDLISR;C:\Program Files\Java\jdk1.8.0_291\bin;C:\Program Files\Java\jre1.8.0_291\bin;C:\WINDOWS\system32;C:\WINDOWS;C:\WINDOWS\System32\Wbem;C:\WINDOWS\System32\WindowsPowerShell\v1.0\;C:\WINDOWS\System32\OpenSSH\;C:\HashiCorp\Vagrant\bin;C:\WINDOWS\System32\Npcap\;C:\Users\SACHIN SHETTY\AppData\Local\Programs\Python\Python39\Scripts\;C:\Users\SACHIN SHETTY\AppData\Local\Programs\Python\Python39\;C:\Users\SACHIN SHETTY\AppData\Local\Programs\Python\Python38\Scripts\;C:\Users\SACHIN SHETTY\AppData\Local\Programs\Python\Python38\;C:\Users\SACHIN SHETTY\AppData\Local\Microsoft\WindowsApps;;C:\Users\SACHIN SHETTY\Desktop;;."/>
    <property name="java.vendor" value="Oracle Corporation"/>
    <property name="java.vm.info" value="mixed mode"/>
    <property name="java.vm.version" value="11.0.8+10-LTS"/>
    <property name="sun.io.unicode.encoding" value="UnicodeLittle"/>
    <property name="java.class.version" value="55.0"/>
  </properties>
  <testcase name="shouldAnswerWithTrue" classname="org.example.AppTest" time="0.004"/>
</testsuite>